<?xml version="1.0" encoding="UTF-8"?>
<testng-results skipped="0" failed="1" ignored="0" total="2" passed="1">
  <reporter-output>
    <line>
      <![CDATA[validate_Title]]>
    </line>
  </reporter-output>
  <suite name="Default suite" duration-ms="112254" started-at="2020-04-18T19:23:12Z" finished-at="2020-04-18T19:25:04Z">
    <groups>
    </groups>
    <test name="Default test" duration-ms="112254" started-at="2020-04-18T19:23:12Z" finished-at="2020-04-18T19:25:04Z">
      <class name="com.Git.test.SignupPageTest">
        <test-method status="PASS" signature="setup()[pri:0, instance:com.Git.test.SignupPageTest@57ea113a]" name="setup" is-config="true" duration-ms="36892" started-at="2020-04-18T19:23:13Z" finished-at="2020-04-18T19:23:49Z">
          <reporter-output>
          </reporter-output>
        </test-method> <!-- setup -->
        <test-method status="FAIL" signature="validate_Title()[pri:0, instance:com.Git.test.SignupPageTest@57ea113a]" name="validate_Title" duration-ms="705" started-at="2020-04-18T19:23:49Z" finished-at="2020-04-18T19:23:50Z">
          <exception class="java.lang.AssertionError">
            <message>
              <![CDATA[expected [The world’s leading software evelopment platform · GitHub] but found [The world’s leading software development platform · GitHub]]]>
            </message>
            <full-stacktrace>
              <![CDATA[java.lang.AssertionError: expected [The world’s leading software evelopment platform · GitHub] but found [The world’s leading software development platform · GitHub]
at org.testng.Assert.fail(Assert.java:96)
at org.testng.Assert.failNotEquals(Assert.java:776)
at org.testng.Assert.assertEqualsImpl(Assert.java:137)
at org.testng.Assert.assertEquals(Assert.java:118)
at org.testng.Assert.assertEquals(Assert.java:453)
at org.testng.Assert.assertEquals(Assert.java:463)
at com.Git.test.SignupPageTest.validate_Title(SignupPageTest.java:33)
at sun.reflect.NativeMethodAccessorImpl.invoke0(Native Method)
at sun.reflect.NativeMethodAccessorImpl.invoke(NativeMethodAccessorImpl.java:62)
at sun.reflect.DelegatingMethodAccessorImpl.invoke(DelegatingMethodAccessorImpl.java:43)
at java.lang.reflect.Method.invoke(Method.java:498)
at org.testng.internal.MethodInvocationHelper.invokeMethod(MethodInvocationHelper.java:124)
at org.testng.internal.Invoker.invokeMethod(Invoker.java:583)
at org.testng.internal.Invoker.invokeTestMethod(Invoker.java:719)
at org.testng.internal.Invoker.invokeTestMethods(Invoker.java:989)
at org.testng.internal.TestMethodWorker.invokeTestMethods(TestMethodWorker.java:125)
at org.testng.internal.TestMethodWorker.run(TestMethodWorker.java:109)
at org.testng.TestRunner.privateRun(TestRunner.java:648)
at org.testng.TestRunner.run(TestRunner.java:505)
at org.testng.SuiteRunner.runTest(SuiteRunner.java:455)
at org.testng.SuiteRunner.runSequentially(SuiteRunner.java:450)
at org.testng.SuiteRunner.privateRun(SuiteRunner.java:415)
at org.testng.SuiteRunner.run(SuiteRunner.java:364)
at org.testng.SuiteRunnerWorker.runSuite(SuiteRunnerWorker.java:52)
at org.testng.SuiteRunnerWorker.run(SuiteRunnerWorker.java:84)
at org.testng.TestNG.runSuitesSequentially(TestNG.java:1208)
at org.testng.TestNG.runSuitesLocally(TestNG.java:1137)
at org.testng.TestNG.runSuites(TestNG.java:1049)
at org.testng.TestNG.run(TestNG.java:1017)
at org.testng.remote.AbstractRemoteTestNG.run(AbstractRemoteTestNG.java:115)
at org.testng.remote.RemoteTestNG.initAndRun(RemoteTestNG.java:251)
at org.testng.remote.RemoteTestNG.main(RemoteTestNG.java:77)
]]>
            </full-stacktrace>
          </exception> <!-- java.lang.AssertionError -->
          <reporter-output>
            <line>
              <![CDATA[validate_Title]]>
            </line>
          </reporter-output>
        </test-method> <!-- validate_Title -->
        <test-method status="PASS" signature="teardown()[pri:0, instance:com.Git.test.SignupPageTest@57ea113a]" name="teardown" is-config="true" duration-ms="2117" started-at="2020-04-18T19:24:03Z" finished-at="2020-04-18T19:24:05Z">
          <reporter-output>
          </reporter-output>
        </test-method> <!-- teardown -->
        <test-method status="PASS" signature="setup()[pri:0, instance:com.Git.test.SignupPageTest@57ea113a]" name="setup" is-config="true" duration-ms="57578" started-at="2020-04-18T19:24:05Z" finished-at="2020-04-18T19:25:03Z">
          <reporter-output>
          </reporter-output>
        </test-method> <!-- setup -->
        <test-method status="PASS" signature="validate_lOGO()[pri:0, instance:com.Git.test.SignupPageTest@57ea113a]" name="validate_lOGO" duration-ms="372" started-at="2020-04-18T19:25:03Z" finished-at="2020-04-18T19:25:03Z">
          <reporter-output>
          </reporter-output>
        </test-method> <!-- validate_lOGO -->
        <test-method status="PASS" signature="teardown()[pri:0, instance:com.Git.test.SignupPageTest@57ea113a]" name="teardown" is-config="true" duration-ms="1222" started-at="2020-04-18T19:25:03Z" finished-at="2020-04-18T19:25:04Z">
          <reporter-output>
          </reporter-output>
        </test-method> <!-- teardown -->
      </class> <!-- com.Git.test.SignupPageTest -->
    </test> <!-- Default test -->
  </suite> <!-- Default suite -->
</testng-results>
